<?xml version="1.0" encoding="windows-1252" standalone="no"?>
<!DOCTYPE log SYSTEM "logger.dtd">
<log>
<record>
  <date>2017-12-20T17:19:15</date>
  <millis>1513808355063</millis>
  <sequence>0</sequence>
  <logger>org.uma.jmetal.util.JMetalLogger</logger>
  <level>INFO</level>
  <class>org.uma.jmetal.util.JMetalLogger</class>
  <method>configureLoggers</method>
  <thread>1</thread>
  <message>Loggers configured with null</message>
</record>
<record>
  <date>2017-12-20T17:19:15</date>
  <millis>1513808355123</millis>
  <sequence>1</sequence>
  <logger>org.uma.jmetal.util.JMetalLogger</logger>
  <level>SEVERE</level>
  <class>org.uma.jmetal.util.JMetalException</class>
  <method>&lt;init&gt;</method>
  <thread>1</thread>
  <message>Class.forName() did not recognized the name of the class</message>
  <exception>
    <message>java.lang.ClassNotFoundException: Banknote</message>
    <frame>
      <class>java.net.URLClassLoader</class>
      <method>findClass</method>
      <line>381</line>
    </frame>
    <frame>
      <class>java.lang.ClassLoader</class>
      <method>loadClass</method>
      <line>424</line>
    </frame>
    <frame>
      <class>sun.misc.Launcher$AppClassLoader</class>
      <method>loadClass</method>
      <line>331</line>
    </frame>
    <frame>
      <class>java.lang.ClassLoader</class>
      <method>loadClass</method>
      <line>357</line>
    </frame>
    <frame>
      <class>java.lang.Class</class>
      <method>forName0</method>
    </frame>
    <frame>
      <class>java.lang.Class</class>
      <method>forName</method>
      <line>264</line>
    </frame>
    <frame>
      <class>org.uma.jmetal.util.ProblemUtils</class>
      <method>loadProblem</method>
      <line>23</line>
    </frame>
    <frame>
      <class>co.edu.unicauca.parameters.Parameters</class>
      <method>&lt;init&gt;</method>
      <line>59</line>
    </frame>
    <frame>
      <class>co.edu.unicauca.parameters.Parameters</class>
      <method>main</method>
      <line>86</line>
    </frame>
  </exception>
</record>
<record>
  <date>2017-12-20T17:19:17</date>
  <millis>1513808357637</millis>
  <sequence>2</sequence>
  <logger>co.edu.unicauca.parameters.Parameters</logger>
  <level>SEVERE</level>
  <class>co.edu.unicauca.parameters.Parameters</class>
  <method>main</method>
  <thread>1</thread>
  <exception>
    <message>org.uma.jmetal.util.JMetalException</message>
    <frame>
      <class>org.uma.jmetal.util.ProblemUtils</class>
      <method>loadProblem</method>
      <line>33</line>
    </frame>
    <frame>
      <class>co.edu.unicauca.parameters.Parameters</class>
      <method>&lt;init&gt;</method>
      <line>59</line>
    </frame>
    <frame>
      <class>co.edu.unicauca.parameters.Parameters</class>
      <method>main</method>
      <line>86</line>
    </frame>
  </exception>
</record>
